<?xml version="1.0" encoding="UTF-8"?>
<testsuite xmlns:xsi="http://www.w3.org/2001/XMLSchema-instance" xsi:noNamespaceSchemaLocation="https://maven.apache.org/surefire/maven-surefire-plugin/xsd/surefire-test-report-3.0.xsd" version="3.0" name="eu.europa.esig.dss.web.service.TSPConfigTest" time="0.219" tests="1" errors="0" skipped="0" failures="0">
  <properties>
[...]
</properties>
  <testcase name="test" classname="eu.europa.esig.dss.web.service.TSPConfigTest" time="0.201">
    <system-out><![CDATA[11:07:05.359 [pool-5-thread-1] INFO  e.e.esig.dss.tsl.job.TLValidationJob - Analysis is DONE for 31 TLSource(s)
11:07:05.364 [pool-5-thread-1] INFO  e.e.esig.dss.tsl.job.TLValidationJob - Online refresh is DONE.
]]></system-out>
  </testcase>
</testsuite>